This file contains any messages produced by compilers while
running configure, to aid debugging if configure makes a mistake.

It was created by configure, which was
generated by GNU Autoconf 2.69.  Invocation command line was

  $ ./configure 

## --------- ##
## Platform. ##
## --------- ##

hostname = GOne-Tower
uname -m = i686
uname -r = 3.8.0-19-generic
uname -s = Linux
uname -v = #30-Ubuntu SMP Wed May 1 16:36:13 UTC 2013

/usr/bin/uname -p = unknown
/bin/uname -X     = unknown

/bin/arch              = unknown
/usr/bin/arch -k       = unknown
/usr/convex/getsysinfo = unknown
/usr/bin/hostinfo      = unknown
/bin/machine           = unknown
/usr/bin/oslevel       = unknown
/bin/universe          = unknown

PATH: /usr/lib/i386-linux-gnu/qt4/bin
PATH: /home/deadc0de/bin
PATH: /usr/lib/lightdm/lightdm
PATH: /usr/local/sbin
PATH: /usr/local/bin
PATH: /usr/sbin
PATH: /usr/bin
PATH: /sbin
PATH: /bin
PATH: /usr/games
PATH: /usr/local/games


## ----------- ##
## Core tests. ##
## ----------- ##

configure:1914: checking for a BSD-compatible install
configure:1982: result: /usr/bin/install -c
configure:1993: checking whether build environment is sane
configure:2043: result: yes
configure:2184: checking for a thread-safe mkdir -p
configure:2223: result: /bin/mkdir -p
configure:2236: checking for gawk
configure:2252: found /usr/bin/gawk
configure:2263: result: gawk
configure:2274: checking whether make sets $(MAKE)
configure:2296: result: yes
configure:2431: checking for gcc
configure:2447: found /usr/bin/gcc
configure:2458: result: gcc
configure:2687: checking for C compiler version
configure:2696: gcc --version >&5
gcc (Ubuntu/Linaro 4.7.3-1ubuntu1) 4.7.3
Copyright (C) 2012 Free Software Foundation, Inc.
This is free software; see the source for copying conditions.  There is NO
warranty; not even for MERCHANTABILITY or FITNESS FOR A PARTICULAR PURPOSE.

configure:2707: $? = 0
configure:2696: gcc -v >&5
Using built-in specs.
COLLECT_GCC=gcc
COLLECT_LTO_WRAPPER=/usr/lib/gcc/i686-linux-gnu/4.7/lto-wrapper
Target: i686-linux-gnu
Configured with: ../src/configure -v --with-pkgversion='Ubuntu/Linaro 4.7.3-1ubuntu1' --with-bugurl=file:///usr/share/doc/gcc-4.7/README.Bugs --enable-languages=c,c++,go,fortran,objc,obj-c++ --prefix=/usr --program-suffix=-4.7 --enable-shared --enable-linker-build-id --libexecdir=/usr/lib --without-included-gettext --enable-threads=posix --with-gxx-include-dir=/usr/include/c++/4.7 --libdir=/usr/lib --enable-nls --with-sysroot=/ --enable-clocale=gnu --enable-libstdcxx-debug --enable-libstdcxx-time=yes --enable-gnu-unique-object --enable-plugin --with-system-zlib --enable-objc-gc --enable-targets=all --with-cloog --enable-cloog-backend=ppl --disable-cloog-version-check --disable-ppl-version-check --enable-multiarch --disable-werror --with-arch-32=i686 --with-multilib-list=m32,m64,mx32 --with-tune=generic --enable-checking=release --build=i686-linux-gnu --host=i686-linux-gnu --target=i686-linux-gnu
Thread model: posix
gcc version 4.7.3 (Ubuntu/Linaro 4.7.3-1ubuntu1) 
configure:2707: $? = 0
configure:2696: gcc -V >&5
gcc: error: unrecognized command line option '-V'
gcc: fatal error: no input files
compilation terminated.
configure:2707: $? = 4
configure:2696: gcc -qversion >&5
gcc: error: unrecognized command line option '-qversion'
gcc: fatal error: no input files
compilation terminated.
configure:2707: $? = 4
configure:2727: checking whether the C compiler works
configure:2749: gcc -msse -mfpmath=sse -mtune=native -march=native -Wall -std=gnu++0x -msse -mfpmath=sse -mtune=native -march=native  -Wall -std=gnu++0x  conftest.c  >&5
cc1: warning: command line option '-std=gnu++11' is valid for C++/ObjC++ but not for C [enabled by default]
cc1: warning: command line option '-std=gnu++11' is valid for C++/ObjC++ but not for C [enabled by default]
configure:2753: $? = 0
configure:2801: result: yes
configure:2804: checking for C compiler default output file name
configure:2806: result: a.out
configure:2812: checking for suffix of executables
configure:2819: gcc -o conftest -msse -mfpmath=sse -mtune=native -march=native -Wall -std=gnu++0x -msse -mfpmath=sse -mtune=native -march=native  -Wall -std=gnu++0x  conftest.c  >&5
cc1: warning: command line option '-std=gnu++11' is valid for C++/ObjC++ but not for C [enabled by default]
cc1: warning: command line option '-std=gnu++11' is valid for C++/ObjC++ but not for C [enabled by default]
configure:2823: $? = 0
configure:2845: result: 
configure:2867: checking whether we are cross compiling
configure:2875: gcc -o conftest -msse -mfpmath=sse -mtune=native -march=native -Wall -std=gnu++0x -msse -mfpmath=sse -mtune=native -march=native  -Wall -std=gnu++0x  conftest.c  >&5
cc1: warning: command line option '-std=gnu++11' is valid for C++/ObjC++ but not for C [enabled by default]
cc1: warning: command line option '-std=gnu++11' is valid for C++/ObjC++ but not for C [enabled by default]
configure:2879: $? = 0
configure:2886: ./conftest
configure:2890: $? = 0
configure:2905: result: no
configure:2910: checking for suffix of object files
configure:2932: gcc -c -msse -mfpmath=sse -mtune=native -march=native -Wall -std=gnu++0x -msse -mfpmath=sse -mtune=native -march=native  -Wall -std=gnu++0x conftest.c >&5
cc1: warning: command line option '-std=gnu++11' is valid for C++/ObjC++ but not for C [enabled by default]
cc1: warning: command line option '-std=gnu++11' is valid for C++/ObjC++ but not for C [enabled by default]
configure:2936: $? = 0
configure:2957: result: o
configure:2961: checking whether we are using the GNU C compiler
configure:2980: gcc -c -msse -mfpmath=sse -mtune=native -march=native -Wall -std=gnu++0x -msse -mfpmath=sse -mtune=native -march=native  -Wall -std=gnu++0x conftest.c >&5
cc1: warning: command line option '-std=gnu++11' is valid for C++/ObjC++ but not for C [enabled by default]
cc1: warning: command line option '-std=gnu++11' is valid for C++/ObjC++ but not for C [enabled by default]
configure:2980: $? = 0
configure:2989: result: yes
configure:2998: checking whether gcc accepts -g
configure:3018: gcc -c -g -msse -mfpmath=sse -mtune=native -march=native  -Wall -std=gnu++0x conftest.c >&5
cc1: warning: command line option '-std=gnu++11' is valid for C++/ObjC++ but not for C [enabled by default]
configure:3018: $? = 0
configure: failed program was:
| /* confdefs.h */
| #define PACKAGE_NAME ""
| #define PACKAGE_TARNAME ""
| #define PACKAGE_VERSION ""
| #define PACKAGE_STRING ""
| #define PACKAGE_BUGREPORT ""
| #define PACKAGE_URL ""
| #define PACKAGE "gameone"
| #define VERSION "0.1.0"
| /* end confdefs.h.  */
| 
| int
| main ()
| {
| 
|   ;
|   return 0;
| }
configure:3033: gcc -c  -msse -mfpmath=sse -mtune=native -march=native  -Wall -std=gnu++0x conftest.c >&5
cc1: warning: command line option '-std=gnu++11' is valid for C++/ObjC++ but not for C [enabled by default]
configure:3033: $? = 0
configure: failed program was:
| /* confdefs.h */
| #define PACKAGE_NAME ""
| #define PACKAGE_TARNAME ""
| #define PACKAGE_VERSION ""
| #define PACKAGE_STRING ""
| #define PACKAGE_BUGREPORT ""
| #define PACKAGE_URL ""
| #define PACKAGE "gameone"
| #define VERSION "0.1.0"
| /* end confdefs.h.  */
| 
| int
| main ()
| {
| 
|   ;
|   return 0;
| }
configure:3049: gcc -c -g -msse -mfpmath=sse -mtune=native -march=native  -Wall -std=gnu++0x conftest.c >&5
cc1: warning: command line option '-std=gnu++11' is valid for C++/ObjC++ but not for C [enabled by default]
configure:3049: $? = 0
configure:3059: result: yes
configure:3076: checking for gcc option to accept ISO C89
configure:3139: gcc  -c -msse -mfpmath=sse -mtune=native -march=native -Wall -std=gnu++0x -msse -mfpmath=sse -mtune=native -march=native  -Wall -std=gnu++0x conftest.c >&5
cc1: warning: command line option '-std=gnu++11' is valid for C++/ObjC++ but not for C [enabled by default]
cc1: warning: command line option '-std=gnu++11' is valid for C++/ObjC++ but not for C [enabled by default]
configure:3139: $? = 0
configure:3152: result: none needed
configure:3183: checking for style of include used by make
configure:3211: result: GNU
configure:3237: checking dependency style of gcc
configure:3348: result: gcc3
configure:3421: checking for g++
configure:3437: found /usr/bin/g++
configure:3448: result: g++
configure:3475: checking for C++ compiler version
configure:3484: g++ --version >&5
g++ (Ubuntu/Linaro 4.7.3-1ubuntu1) 4.7.3
Copyright (C) 2012 Free Software Foundation, Inc.
This is free software; see the source for copying conditions.  There is NO
warranty; not even for MERCHANTABILITY or FITNESS FOR A PARTICULAR PURPOSE.

configure:3495: $? = 0
configure:3484: g++ -v >&5
Using built-in specs.
COLLECT_GCC=g++
COLLECT_LTO_WRAPPER=/usr/lib/gcc/i686-linux-gnu/4.7/lto-wrapper
Target: i686-linux-gnu
Configured with: ../src/configure -v --with-pkgversion='Ubuntu/Linaro 4.7.3-1ubuntu1' --with-bugurl=file:///usr/share/doc/gcc-4.7/README.Bugs --enable-languages=c,c++,go,fortran,objc,obj-c++ --prefix=/usr --program-suffix=-4.7 --enable-shared --enable-linker-build-id --libexecdir=/usr/lib --without-included-gettext --enable-threads=posix --with-gxx-include-dir=/usr/include/c++/4.7 --libdir=/usr/lib --enable-nls --with-sysroot=/ --enable-clocale=gnu --enable-libstdcxx-debug --enable-libstdcxx-time=yes --enable-gnu-unique-object --enable-plugin --with-system-zlib --enable-objc-gc --enable-targets=all --with-cloog --enable-cloog-backend=ppl --disable-cloog-version-check --disable-ppl-version-check --enable-multiarch --disable-werror --with-arch-32=i686 --with-multilib-list=m32,m64,mx32 --with-tune=generic --enable-checking=release --build=i686-linux-gnu --host=i686-linux-gnu --target=i686-linux-gnu
Thread model: posix
gcc version 4.7.3 (Ubuntu/Linaro 4.7.3-1ubuntu1) 
configure:3495: $? = 0
configure:3484: g++ -V >&5
g++: error: unrecognized command line option '-V'
g++: fatal error: no input files
compilation terminated.
configure:3495: $? = 4
configure:3484: g++ -qversion >&5
g++: error: unrecognized command line option '-qversion'
g++: fatal error: no input files
compilation terminated.
configure:3495: $? = 4
configure:3499: checking whether we are using the GNU C++ compiler
configure:3518: g++ -c -msse -mfpmath=sse -mtune=native -march=native  -Wall -std=gnu++0x -D__STRICT_ANSI__ -ftree-vectorizer-verbose=1 -msse -mfpmath=sse -mtune=native -march=native  -Wall -std=gnu++0x conftest.cpp >&5
configure:3518: $? = 0
configure:3527: result: yes
configure:3536: checking whether g++ accepts -g
configure:3556: g++ -c -g -msse -mfpmath=sse -mtune=native -march=native  -Wall -std=gnu++0x conftest.cpp >&5
configure:3556: $? = 0
configure:3597: result: yes
configure:3622: checking dependency style of g++
configure:3733: result: gcc3
configure:3754: checking whether to use ahtlon-tbird march
configure:3763: result: 
configure:3778: checking whether to build with debug information
configure:3787: result: no
configure:3859: checking for pkg-config
configure:3877: found /usr/bin/pkg-config
configure:3889: result: /usr/bin/pkg-config
configure:3914: checking pkg-config is at least version 0.9.0
configure:3917: result: yes
configure:3927: checking for OGRE
configure:3934: $PKG_CONFIG --exists --print-errors "OGRE >= 1.7"
configure:3937: $? = 0
configure:3951: $PKG_CONFIG --exists --print-errors "OGRE >= 1.7"
configure:3954: $? = 0
configure:4012: result: yes
configure:4021: checking for OIS
configure:4028: $PKG_CONFIG --exists --print-errors "OIS >= 1.0"
configure:4031: $? = 0
configure:4045: $PKG_CONFIG --exists --print-errors "OIS >= 1.0"
configure:4048: $? = 0
configure:4106: result: yes
configure:4115: checking for CEGUI
configure:4122: $PKG_CONFIG --exists --print-errors "CEGUI >= 0.7"
configure:4125: $? = 0
configure:4139: $PKG_CONFIG --exists --print-errors "CEGUI >= 0.7"
configure:4142: $? = 0
configure:4200: result: yes
configure:4364: creating ./config.status

## ---------------------- ##
## Running config.status. ##
## ---------------------- ##

This file was extended by config.status, which was
generated by GNU Autoconf 2.69.  Invocation command line was

  CONFIG_FILES    = 
  CONFIG_HEADERS  = 
  CONFIG_LINKS    = 
  CONFIG_COMMANDS = 
  $ ./config.status 

on GOne-Tower

config.status:855: creating Makefile
config.status:855: creating src/Makefile
config.status:855: creating config.h
config.status:1036: config.h is unchanged
config.status:1084: executing depfiles commands

## ---------------- ##
## Cache variables. ##
## ---------------- ##

ac_cv_c_compiler_gnu=yes
ac_cv_cxx_compiler_gnu=yes
ac_cv_env_CCC_set=
ac_cv_env_CCC_value=
ac_cv_env_CC_set=
ac_cv_env_CC_value=
ac_cv_env_CEGUI_CFLAGS_set=
ac_cv_env_CEGUI_CFLAGS_value=
ac_cv_env_CEGUI_LIBS_set=
ac_cv_env_CEGUI_LIBS_value=
ac_cv_env_CFLAGS_set=set
ac_cv_env_CFLAGS_value='-msse -mfpmath=sse -mtune=native -march=native -Wall -std=gnu++0x'
ac_cv_env_CPPFLAGS_set=set
ac_cv_env_CPPFLAGS_value='-msse -mfpmath=sse -mtune=native -march=native  -Wall -std=gnu++0x'
ac_cv_env_CXXFLAGS_set=set
ac_cv_env_CXXFLAGS_value='-msse -mfpmath=sse -mtune=native -march=native  -Wall -std=gnu++0x -D__STRICT_ANSI__ -ftree-vectorizer-verbose=1'
ac_cv_env_CXX_set=
ac_cv_env_CXX_value=
ac_cv_env_LDFLAGS_set=
ac_cv_env_LDFLAGS_value=
ac_cv_env_LIBS_set=
ac_cv_env_LIBS_value=
ac_cv_env_OGRE_CFLAGS_set=
ac_cv_env_OGRE_CFLAGS_value=
ac_cv_env_OGRE_LIBS_set=
ac_cv_env_OGRE_LIBS_value=
ac_cv_env_OIS_CFLAGS_set=
ac_cv_env_OIS_CFLAGS_value=
ac_cv_env_OIS_LIBS_set=
ac_cv_env_OIS_LIBS_value=
ac_cv_env_PKG_CONFIG_LIBDIR_set=
ac_cv_env_PKG_CONFIG_LIBDIR_value=
ac_cv_env_PKG_CONFIG_PATH_set=
ac_cv_env_PKG_CONFIG_PATH_value=
ac_cv_env_PKG_CONFIG_set=
ac_cv_env_PKG_CONFIG_value=
ac_cv_env_build_alias_set=
ac_cv_env_build_alias_value=
ac_cv_env_host_alias_set=
ac_cv_env_host_alias_value=
ac_cv_env_target_alias_set=
ac_cv_env_target_alias_value=
ac_cv_objext=o
ac_cv_path_ac_pt_PKG_CONFIG=/usr/bin/pkg-config
ac_cv_path_install='/usr/bin/install -c'
ac_cv_path_mkdir=/bin/mkdir
ac_cv_prog_AWK=gawk
ac_cv_prog_ac_ct_CC=gcc
ac_cv_prog_ac_ct_CXX=g++
ac_cv_prog_cc_c89=
ac_cv_prog_cc_g=yes
ac_cv_prog_cxx_g=yes
ac_cv_prog_make_make_set=yes
am_cv_CC_dependencies_compiler_type=gcc3
am_cv_CXX_dependencies_compiler_type=gcc3
pkg_cv_CEGUI_CFLAGS='-I/usr/local/include -I/usr/local/include/CEGUI  '
pkg_cv_CEGUI_LIBS='-L/usr/local/lib -lCEGUIBase  '
pkg_cv_OGRE_CFLAGS='-pthread -I/usr/local/include -I/usr/local/include/OGRE  '
pkg_cv_OGRE_LIBS='-L/usr/local/lib -lOgreMain -lpthread  '
pkg_cv_OIS_CFLAGS='-I/usr/include/ois  '
pkg_cv_OIS_LIBS='-lOIS  '

## ----------------- ##
## Output variables. ##
## ----------------- ##

ACLOCAL='${SHELL} /media/MySpace/From_Laptop/Game-One/missing --run aclocal-1.11'
AMDEPBACKSLASH='\'
AMDEP_FALSE='#'
AMDEP_TRUE=''
AMTAR='$${TAR-tar}'
AM_CXXFLAGS=' -O3 -floop-parallelize-all -ftree-parallelize-loops=4'
AUTOCONF='${SHELL} /media/MySpace/From_Laptop/Game-One/missing --run autoconf'
AUTOHEADER='${SHELL} /media/MySpace/From_Laptop/Game-One/missing --run autoheader'
AUTOMAKE='${SHELL} /media/MySpace/From_Laptop/Game-One/missing --run automake-1.11'
AWK='gawk'
CC='gcc'
CCDEPMODE='depmode=gcc3'
CEGUI_CFLAGS='-I/usr/local/include -I/usr/local/include/CEGUI  '
CEGUI_LIBS='-L/usr/local/lib -lCEGUIBase  '
CFLAGS='-msse -mfpmath=sse -mtune=native -march=native -Wall -std=gnu++0x'
CPPFLAGS='-msse -mfpmath=sse -mtune=native -march=native  -Wall -std=gnu++0x'
CXX='g++'
CXXDEPMODE='depmode=gcc3'
CXXFLAGS='-msse -mfpmath=sse -mtune=native -march=native  -Wall -std=gnu++0x -D__STRICT_ANSI__ -ftree-vectorizer-verbose=1'
CYGPATH_W='echo'
DEFS='-DHAVE_CONFIG_H'
DEPDIR='.deps'
ECHO_C=''
ECHO_N='-n'
ECHO_T=''
EXEEXT=''
INSTALL_DATA='${INSTALL} -m 644'
INSTALL_PROGRAM='${INSTALL}'
INSTALL_SCRIPT='${INSTALL}'
INSTALL_STRIP_PROGRAM='$(install_sh) -c -s'
LDFLAGS=''
LIBOBJS=''
LIBS=''
LTLIBOBJS=''
MAKEINFO='${SHELL} /media/MySpace/From_Laptop/Game-One/missing --run makeinfo'
MKDIR_P='/bin/mkdir -p'
MYSQL_CFLAGS='-I/usr/include/mysql'
MYSQL_LIBS='-lmysqlclient'
OBJEXT='o'
OGRE_CFLAGS='-pthread -I/usr/local/include -I/usr/local/include/OGRE  '
OGRE_LIBS='-L/usr/local/lib -lOgreMain -lpthread  '
OIS_CFLAGS='-I/usr/include/ois  '
OIS_LIBS='-lOIS  '
PACKAGE='gameone'
PACKAGE_BUGREPORT=''
PACKAGE_NAME=''
PACKAGE_STRING=''
PACKAGE_TARNAME=''
PACKAGE_URL=''
PACKAGE_VERSION=''
PATH_SEPARATOR=':'
PKG_CONFIG='/usr/bin/pkg-config'
PKG_CONFIG_LIBDIR=''
PKG_CONFIG_PATH=''
SET_MAKE=''
SHELL='/bin/bash'
STRIP=''
VERSION='0:0:0'
ac_ct_CC='gcc'
ac_ct_CXX='g++'
am__EXEEXT_FALSE=''
am__EXEEXT_TRUE='#'
am__fastdepCC_FALSE='#'
am__fastdepCC_TRUE=''
am__fastdepCXX_FALSE='#'
am__fastdepCXX_TRUE=''
am__include='include'
am__isrc=''
am__leading_dot='.'
am__nodep='_no'
am__quote=''
am__tar='$${TAR-tar} chof - "$$tardir"'
am__untar='$${TAR-tar} xf -'
bindir='${exec_prefix}/bin'
build_alias=''
datadir='${datarootdir}'
datarootdir='${prefix}/share'
docdir='${datarootdir}/doc/${PACKAGE}'
dvidir='${docdir}'
exec_prefix='${prefix}'
host_alias=''
htmldir='${docdir}'
includedir='${prefix}/include'
infodir='${datarootdir}/info'
install_sh='${SHELL} /media/MySpace/From_Laptop/Game-One/install-sh'
libdir='${exec_prefix}/lib'
libexecdir='${exec_prefix}/libexec'
localedir='${datarootdir}/locale'
localstatedir='${prefix}/var'
mandir='${datarootdir}/man'
mkdir_p='/bin/mkdir -p'
oldincludedir='/usr/include'
pdfdir='${docdir}'
prefix='/usr/local'
program_transform_name='s,x,x,'
psdir='${docdir}'
sbindir='${exec_prefix}/sbin'
sharedstatedir='${prefix}/com'
sysconfdir='${prefix}/etc'
target_alias=''

## ----------- ##
## confdefs.h. ##
## ----------- ##

/* confdefs.h */
#define PACKAGE_NAME ""
#define PACKAGE_TARNAME ""
#define PACKAGE_VERSION ""
#define PACKAGE_STRING ""
#define PACKAGE_BUGREPORT ""
#define PACKAGE_URL ""
#define PACKAGE "gameone"
#define VERSION "0.1.0"
#define NDEBUG /**/

configure: exit 0
