25/10/2012 19:30:05 (Std) 	+-+-+-+-+-+-+-+-+-+-+-+-+-+-+-+-+-+-+-+-+-+-+-+-+-+-+-+-+-+-+-+-+-+-+-+-+-+-+-+
25/10/2012 19:30:05 (Std) 	+                     Crazy Eddie's GUI System - Event log                    +
25/10/2012 19:30:05 (Std) 	+                          (http://www.cegui.org.uk/)                         +
25/10/2012 19:30:05 (Std) 	+-+-+-+-+-+-+-+-+-+-+-+-+-+-+-+-+-+-+-+-+-+-+-+-+-+-+-+-+-+-+-+-+-+-+-+-+-+-+-+

25/10/2012 19:30:05 (Std) 	CEGUI::Logger singleton created. (0x9bdd360)
25/10/2012 19:30:05 (Std) 	
25/10/2012 19:30:05 (Std) 	********************************************************************************
25/10/2012 19:30:05 (Std) 	* Important:                                                                   *
25/10/2012 19:30:05 (Std) 	*     To get support at the CEGUI forums, you must post _at least_ the section *
25/10/2012 19:30:05 (Std) 	*     of this log file indicated below.  Failure to do this will result in no  *
25/10/2012 19:30:05 (Std) 	*     support being given; please do not waste our time.                       *
25/10/2012 19:30:05 (Std) 	********************************************************************************
25/10/2012 19:30:05 (Std) 	********************************************************************************
25/10/2012 19:30:05 (Std) 	* -------- START OF ESSENTIAL SECTION TO BE POSTED ON THE FORUM       -------- *
25/10/2012 19:30:05 (Std) 	********************************************************************************
25/10/2012 19:30:05 (Std) 	---- Version 0.7.5 (Build: Jul 15 2011 GNU/Linux g++ 4.5.2 32 bit) ----
25/10/2012 19:30:05 (Std) 	---- Renderer module is: CEGUI::OgreRenderer - Official OGRE based 2nd generation renderer module. ----
25/10/2012 19:30:05 (Std) 	---- XML Parser module is: CEGUI::ExpatParser - Official expat based parser module for CEGUI ----
25/10/2012 19:30:05 (Std) 	---- Image Codec module is: OgreImageCodec - Integrated ImageCodec using the Ogre engine. ----
25/10/2012 19:30:05 (Std) 	---- Scripting module is: None ----
25/10/2012 19:30:05 (Std) 	********************************************************************************
25/10/2012 19:30:05 (Std) 	* -------- END OF ESSENTIAL SECTION TO BE POSTED ON THE FORUM         -------- *
25/10/2012 19:30:05 (Std) 	********************************************************************************
25/10/2012 19:30:05 (Std) 	
25/10/2012 19:30:05 (Std) 	---- Begining CEGUI System initialisation ----
25/10/2012 19:30:05 (Std) 	CEGUI::ImagesetManager singleton created (0x9bf26a8)
25/10/2012 19:30:05 (Std) 	CEGUI::FontManager singleton created. (0x9bde6a0)
25/10/2012 19:30:05 (Std) 	CEGUI::WindowFactoryManager singleton created
25/10/2012 19:30:05 (Std) 	CEGUI::WindowManager singleton created (0x9bde778)
25/10/2012 19:30:05 (Std) 	CEGUI::SchemeManager singleton created. (0x9bb6938)
25/10/2012 19:30:05 (Std) 	CEGUI::MouseCursor singleton created. (0x9bde7c8)
25/10/2012 19:30:05 (Std) 	CEGUI::GlobalEventSet singleton created. (0x9bdfaa0)
25/10/2012 19:30:05 (Std) 	CEGUI::AnimationManager singleton created (0x9bf2638)
25/10/2012 19:30:05 (Std) 	CEGUI::WidgetLookManager singleton created. (0x9bd0cb8)
25/10/2012 19:30:05 (Std) 	CEGUI::WindowRendererManager singleton created (0x9bf2860)
25/10/2012 19:30:05 (Std) 	CEGUI::RenderEffectManager singleton created (0x9bb6b68)
25/10/2012 19:30:05 (Std) 	Created WindowFactory for 'DefaultWindow' windows.
25/10/2012 19:30:05 (Std) 	WindowFactory for 'DefaultWindow' windows added. (0x9bd9dd0)
25/10/2012 19:30:05 (Std) 	Created WindowFactory for 'DragContainer' windows.
25/10/2012 19:30:05 (Std) 	WindowFactory for 'DragContainer' windows added. (0x9bd9f20)
25/10/2012 19:30:05 (Std) 	Created WindowFactory for 'ScrolledContainer' windows.
25/10/2012 19:30:05 (Std) 	WindowFactory for 'ScrolledContainer' windows added. (0x9bf2ed0)
25/10/2012 19:30:05 (Std) 	Created WindowFactory for 'ClippedContainer' windows.
25/10/2012 19:30:05 (Std) 	WindowFactory for 'ClippedContainer' windows added. (0x9bf3020)
25/10/2012 19:30:05 (Std) 	Created WindowFactory for 'CEGUI/Checkbox' windows.
25/10/2012 19:30:05 (Std) 	WindowFactory for 'CEGUI/Checkbox' windows added. (0x9bf3738)
25/10/2012 19:30:05 (Std) 	Created WindowFactory for 'CEGUI/PushButton' windows.
25/10/2012 19:30:05 (Std) 	WindowFactory for 'CEGUI/PushButton' windows added. (0x9bf3888)
25/10/2012 19:30:05 (Std) 	Created WindowFactory for 'CEGUI/RadioButton' windows.
25/10/2012 19:30:05 (Std) 	WindowFactory for 'CEGUI/RadioButton' windows added. (0x9bf3a00)
25/10/2012 19:30:05 (Std) 	Created WindowFactory for 'CEGUI/Combobox' windows.
25/10/2012 19:30:05 (Std) 	WindowFactory for 'CEGUI/Combobox' windows added. (0x9bf3b50)
25/10/2012 19:30:05 (Std) 	Created WindowFactory for 'CEGUI/ComboDropList' windows.
25/10/2012 19:30:05 (Std) 	WindowFactory for 'CEGUI/ComboDropList' windows added. (0x9bfeb08)
25/10/2012 19:30:05 (Std) 	Created WindowFactory for 'CEGUI/Editbox' windows.
25/10/2012 19:30:05 (Std) 	WindowFactory for 'CEGUI/Editbox' windows added. (0x9bfec58)
25/10/2012 19:30:05 (Std) 	Created WindowFactory for 'CEGUI/FrameWindow' windows.
25/10/2012 19:30:05 (Std) 	WindowFactory for 'CEGUI/FrameWindow' windows added. (0x9bde9f8)
25/10/2012 19:30:05 (Std) 	Created WindowFactory for 'CEGUI/ItemEntry' windows.
25/10/2012 19:30:05 (Std) 	WindowFactory for 'CEGUI/ItemEntry' windows added. (0x9bdeb48)
25/10/2012 19:30:05 (Std) 	Created WindowFactory for 'CEGUI/Listbox' windows.
25/10/2012 19:30:05 (Std) 	WindowFactory for 'CEGUI/Listbox' windows added. (0x9bf3450)
25/10/2012 19:30:05 (Std) 	Created WindowFactory for 'CEGUI/ListHeader' windows.
25/10/2012 19:30:05 (Std) 	WindowFactory for 'CEGUI/ListHeader' windows added. (0x9bf35a0)
25/10/2012 19:30:05 (Std) 	Created WindowFactory for 'CEGUI/ListHeaderSegment' windows.
25/10/2012 19:30:05 (Std) 	WindowFactory for 'CEGUI/ListHeaderSegment' windows added. (0x9c0a6e0)
25/10/2012 19:30:05 (Std) 	Created WindowFactory for 'CEGUI/Menubar' windows.
25/10/2012 19:30:05 (Std) 	WindowFactory for 'CEGUI/Menubar' windows added. (0x9c0a830)
25/10/2012 19:30:05 (Std) 	Created WindowFactory for 'CEGUI/PopupMenu' windows.
25/10/2012 19:30:05 (Std) 	WindowFactory for 'CEGUI/PopupMenu' windows added. (0x9bf3f68)
25/10/2012 19:30:05 (Std) 	Created WindowFactory for 'CEGUI/MenuItem' windows.
25/10/2012 19:30:05 (Std) 	WindowFactory for 'CEGUI/MenuItem' windows added. (0x9bb65d8)
25/10/2012 19:30:05 (Std) 	Created WindowFactory for 'CEGUI/MultiColumnList' windows.
25/10/2012 19:30:05 (Std) 	WindowFactory for 'CEGUI/MultiColumnList' windows added. (0x9bb6728)
25/10/2012 19:30:05 (Std) 	Created WindowFactory for 'CEGUI/MultiLineEditbox' windows.
25/10/2012 19:30:05 (Std) 	WindowFactory for 'CEGUI/MultiLineEditbox' windows added. (0x9bd0d70)
25/10/2012 19:30:05 (Std) 	Created WindowFactory for 'CEGUI/ProgressBar' windows.
25/10/2012 19:30:05 (Std) 	WindowFactory for 'CEGUI/ProgressBar' windows added. (0x9bd0ec0)
25/10/2012 19:30:05 (Std) 	Created WindowFactory for 'CEGUI/ScrollablePane' windows.
25/10/2012 19:30:05 (Std) 	WindowFactory for 'CEGUI/ScrollablePane' windows added. (0x9bd12c0)
25/10/2012 19:30:05 (Std) 	Created WindowFactory for 'CEGUI/Scrollbar' windows.
25/10/2012 19:30:05 (Std) 	WindowFactory for 'CEGUI/Scrollbar' windows added. (0x9bd1410)
25/10/2012 19:30:05 (Std) 	Created WindowFactory for 'CEGUI/Slider' windows.
25/10/2012 19:30:05 (Std) 	WindowFactory for 'CEGUI/Slider' windows added. (0x9c00ec8)
25/10/2012 19:30:05 (Std) 	Created WindowFactory for 'CEGUI/Spinner' windows.
25/10/2012 19:30:05 (Std) 	WindowFactory for 'CEGUI/Spinner' windows added. (0x9c01018)
25/10/2012 19:30:05 (Std) 	Created WindowFactory for 'CEGUI/TabButton' windows.
25/10/2012 19:30:05 (Std) 	WindowFactory for 'CEGUI/TabButton' windows added. (0x9bdfeb0)
25/10/2012 19:30:05 (Std) 	Created WindowFactory for 'CEGUI/TabControl' windows.
25/10/2012 19:30:05 (Std) 	WindowFactory for 'CEGUI/TabControl' windows added. (0x9be0000)
25/10/2012 19:30:05 (Std) 	Created WindowFactory for 'CEGUI/Thumb' windows.
25/10/2012 19:30:05 (Std) 	WindowFactory for 'CEGUI/Thumb' windows added. (0x9be0150)
25/10/2012 19:30:05 (Std) 	Created WindowFactory for 'CEGUI/Titlebar' windows.
25/10/2012 19:30:05 (Std) 	WindowFactory for 'CEGUI/Titlebar' windows added. (0x9c098a0)
25/10/2012 19:30:05 (Std) 	Created WindowFactory for 'CEGUI/Tooltip' windows.
25/10/2012 19:30:05 (Std) 	WindowFactory for 'CEGUI/Tooltip' windows added. (0x9c099f0)
25/10/2012 19:30:05 (Std) 	Created WindowFactory for 'CEGUI/ItemListbox' windows.
25/10/2012 19:30:05 (Std) 	WindowFactory for 'CEGUI/ItemListbox' windows added. (0x9bf9530)
25/10/2012 19:30:05 (Std) 	Created WindowFactory for 'CEGUI/GroupBox' windows.
25/10/2012 19:30:05 (Std) 	WindowFactory for 'CEGUI/GroupBox' windows added. (0x9bf9680)
25/10/2012 19:30:05 (Std) 	Created WindowFactory for 'CEGUI/Tree' windows.
25/10/2012 19:30:05 (Std) 	WindowFactory for 'CEGUI/Tree' windows added. (0x9bf97d0)
25/10/2012 19:30:05 (Std) 	Created WindowFactory for 'HorizontalLayoutContainer' windows.
25/10/2012 19:30:05 (Std) 	WindowFactory for 'HorizontalLayoutContainer' windows added. (0x9bf40b8)
25/10/2012 19:30:05 (Std) 	Created WindowFactory for 'VerticalLayoutContainer' windows.
25/10/2012 19:30:05 (Std) 	WindowFactory for 'VerticalLayoutContainer' windows added. (0x9370d08)
25/10/2012 19:30:05 (Std) 	Created WindowFactory for 'GridLayoutContainer' windows.
25/10/2012 19:30:05 (Std) 	WindowFactory for 'GridLayoutContainer' windows added. (0x9bf9210)
25/10/2012 19:30:05 (Std) 	Window type alias named 'DefaultGUISheet' added for window type 'DefaultWindow'.
25/10/2012 19:30:05 (Std) 	CEGUI::System singleton created. (0x9bdf5a0)
25/10/2012 19:30:05 (Std) 	---- CEGUI System initialisation completed ----
25/10/2012 19:30:05 (Std) 	
25/10/2012 19:30:05 (Std) 	Started creation of Scheme from XML specification:
25/10/2012 19:30:05 (Std) 	---- CEGUI GUIScheme name: TaharezLook
25/10/2012 19:30:05 (Std) 	Started creation of Imageset from XML specification:
25/10/2012 19:30:05 (Std) 	---- CEGUI Imageset name: TaharezLook
25/10/2012 19:30:05 (Std) 	---- Source texture file: TaharezLook.tga in resource group: (Default)
25/10/2012 19:30:05 (Std) 	Started creation of Font from XML specification:
25/10/2012 19:30:05 (Std) 	---- CEGUI font name: DejaVuSans-10
25/10/2012 19:30:05 (Std) 	----       Font type: FreeType
25/10/2012 19:30:05 (Std) 	----     Source file: DejaVuSans.ttf in resource group: (Default)
25/10/2012 19:30:05 (Std) 	---- Real point size: 10
25/10/2012 19:30:05 (Std) 	Started creation of Font from XML specification:
25/10/2012 19:30:05 (Std) 	---- CEGUI font name: monospace-bold-10
25/10/2012 19:30:05 (Std) 	----       Font type: FreeType
25/10/2012 19:30:05 (Std) 	----     Source file: Monospace-Bold.ttf in resource group: (Default)
25/10/2012 19:30:05 (Std) 	---- Real point size: 10
25/10/2012 19:30:05 (Std) 	===== Falagard 'root' element: look and feel parsing begins =====
25/10/2012 19:30:05 (Std) 	===== Look and feel parsing completed =====
25/10/2012 19:30:05 (Std) 	No window renderer factories specified for module 'CEGUIFalagardWRBase' - adding all available factories...
25/10/2012 19:30:05 (Std) 	Created WindowRendererFactory for 'Falagard/Button' WindowRenderers.
25/10/2012 19:30:05 (Std) 	WindowRendererFactory 'Falagard/Button' added. (0x9c0d448)
25/10/2012 19:30:05 (Std) 	Created WindowRendererFactory for 'Falagard/Default' WindowRenderers.
25/10/2012 19:30:05 (Std) 	WindowRendererFactory 'Falagard/Default' added. (0x9def120)
25/10/2012 19:30:05 (Std) 	Created WindowRendererFactory for 'Falagard/Editbox' WindowRenderers.
25/10/2012 19:30:05 (Std) 	WindowRendererFactory 'Falagard/Editbox' added. (0x9dca5f8)
25/10/2012 19:30:05 (Std) 	Created WindowRendererFactory for 'Falagard/FrameWindow' WindowRenderers.
25/10/2012 19:30:05 (Std) 	WindowRendererFactory 'Falagard/FrameWindow' added. (0x9bf6df0)
25/10/2012 19:30:05 (Std) 	Created WindowRendererFactory for 'Falagard/ItemEntry' WindowRenderers.
25/10/2012 19:30:05 (Std) 	WindowRendererFactory 'Falagard/ItemEntry' added. (0x9bbea40)
25/10/2012 19:30:05 (Std) 	Created WindowRendererFactory for 'Falagard/ListHeader' WindowRenderers.
25/10/2012 19:30:05 (Std) 	WindowRendererFactory 'Falagard/ListHeader' added. (0x9de7930)
25/10/2012 19:30:05 (Std) 	Created WindowRendererFactory for 'Falagard/ListHeaderSegment' WindowRenderers.
25/10/2012 19:30:05 (Std) 	WindowRendererFactory 'Falagard/ListHeaderSegment' added. (0x9de79d0)
25/10/2012 19:30:05 (Std) 	Created WindowRendererFactory for 'Falagard/Listbox' WindowRenderers.
25/10/2012 19:30:05 (Std) 	WindowRendererFactory 'Falagard/Listbox' added. (0x9db1b80)
25/10/2012 19:30:05 (Std) 	Created WindowRendererFactory for 'Falagard/Menubar' WindowRenderers.
25/10/2012 19:30:05 (Std) 	WindowRendererFactory 'Falagard/Menubar' added. (0x9dc85b0)
25/10/2012 19:30:05 (Std) 	Created WindowRendererFactory for 'Falagard/MenuItem' WindowRenderers.
25/10/2012 19:30:05 (Std) 	WindowRendererFactory 'Falagard/MenuItem' added. (0x9de92b0)
25/10/2012 19:30:05 (Std) 	Created WindowRendererFactory for 'Falagard/MultiColumnList' WindowRenderers.
25/10/2012 19:30:05 (Std) 	WindowRendererFactory 'Falagard/MultiColumnList' added. (0x9df5b80)
25/10/2012 19:30:05 (Std) 	Created WindowRendererFactory for 'Falagard/MultiLineEditbox' WindowRenderers.
25/10/2012 19:30:05 (Std) 	WindowRendererFactory 'Falagard/MultiLineEditbox' added. (0x9c39078)
25/10/2012 19:30:05 (Std) 	Created WindowRendererFactory for 'Falagard/PopupMenu' WindowRenderers.
25/10/2012 19:30:05 (Std) 	WindowRendererFactory 'Falagard/PopupMenu' added. (0x9c391c8)
25/10/2012 19:30:05 (Std) 	Created WindowRendererFactory for 'Falagard/ProgressBar' WindowRenderers.
25/10/2012 19:30:05 (Std) 	WindowRendererFactory 'Falagard/ProgressBar' added. (0x9c39318)
25/10/2012 19:30:05 (Std) 	Created WindowRendererFactory for 'Falagard/ScrollablePane' WindowRenderers.
25/10/2012 19:30:05 (Std) 	WindowRendererFactory 'Falagard/ScrollablePane' added. (0x9c39468)
25/10/2012 19:30:05 (Std) 	Created WindowRendererFactory for 'Falagard/Scrollbar' WindowRenderers.
25/10/2012 19:30:05 (Std) 	WindowRendererFactory 'Falagard/Scrollbar' added. (0x9c395b8)
25/10/2012 19:30:05 (Std) 	Created WindowRendererFactory for 'Falagard/Slider' WindowRenderers.
25/10/2012 19:30:05 (Std) 	WindowRendererFactory 'Falagard/Slider' added. (0x9c39708)
25/10/2012 19:30:05 (Std) 	Created WindowRendererFactory for 'Falagard/Static' WindowRenderers.
25/10/2012 19:30:05 (Std) 	WindowRendererFactory 'Falagard/Static' added. (0x9deddd0)
25/10/2012 19:30:05 (Std) 	Created WindowRendererFactory for 'Falagard/StaticImage' WindowRenderers.
25/10/2012 19:30:05 (Std) 	WindowRendererFactory 'Falagard/StaticImage' added. (0x9dedf20)
25/10/2012 19:30:05 (Std) 	Created WindowRendererFactory for 'Falagard/StaticText' WindowRenderers.
25/10/2012 19:30:05 (Std) 	WindowRendererFactory 'Falagard/StaticText' added. (0x9dee070)
25/10/2012 19:30:05 (Std) 	Created WindowRendererFactory for 'Falagard/SystemButton' WindowRenderers.
25/10/2012 19:30:05 (Std) 	WindowRendererFactory 'Falagard/SystemButton' added. (0x9dee1c0)
25/10/2012 19:30:05 (Std) 	Created WindowRendererFactory for 'Falagard/TabButton' WindowRenderers.
25/10/2012 19:30:05 (Std) 	WindowRendererFactory 'Falagard/TabButton' added. (0x9dee310)
25/10/2012 19:30:05 (Std) 	Created WindowRendererFactory for 'Falagard/TabControl' WindowRenderers.
25/10/2012 19:30:05 (Std) 	WindowRendererFactory 'Falagard/TabControl' added. (0x9dee460)
25/10/2012 19:30:05 (Std) 	Created WindowRendererFactory for 'Falagard/Titlebar' WindowRenderers.
25/10/2012 19:30:05 (Std) 	WindowRendererFactory 'Falagard/Titlebar' added. (0x9dee5b0)
25/10/2012 19:30:05 (Std) 	Created WindowRendererFactory for 'Falagard/ToggleButton' WindowRenderers.
25/10/2012 19:30:05 (Std) 	WindowRendererFactory 'Falagard/ToggleButton' added. (0x9df4cf0)
25/10/2012 19:30:05 (Std) 	Created WindowRendererFactory for 'Falagard/Tooltip' WindowRenderers.
25/10/2012 19:30:05 (Std) 	WindowRendererFactory 'Falagard/Tooltip' added. (0x9df4e40)
25/10/2012 19:30:05 (Std) 	Created WindowRendererFactory for 'Falagard/ItemListbox' WindowRenderers.
25/10/2012 19:30:05 (Std) 	WindowRendererFactory 'Falagard/ItemListbox' added. (0x9df4f90)
25/10/2012 19:30:05 (Std) 	Created WindowRendererFactory for 'Falagard/Tree' WindowRenderers.
25/10/2012 19:30:05 (Std) 	WindowRendererFactory 'Falagard/Tree' added. (0x9df50e0)
25/10/2012 19:30:05 (Std) 	Creating falagard mapping for type 'TaharezLook/Button' using base type 'CEGUI/PushButton', window renderer 'Falagard/Button' Look'N'Feel 'TaharezLook/Button' and RenderEffect ''. (0xbfd7e8bc)
25/10/2012 19:30:05 (Std) 	Creating falagard mapping for type 'TaharezLook/Checkbox' using base type 'CEGUI/Checkbox', window renderer 'Falagard/ToggleButton' Look'N'Feel 'TaharezLook/Checkbox' and RenderEffect ''. (0xbfd7e8bc)
25/10/2012 19:30:05 (Std) 	Creating falagard mapping for type 'TaharezLook/ImageButton' using base type 'CEGUI/PushButton', window renderer 'Falagard/Button' Look'N'Feel 'TaharezLook/ImageButton' and RenderEffect ''. (0xbfd7e8bc)
25/10/2012 19:30:05 (Std) 	Creating falagard mapping for type 'TaharezLook/RadioButton' using base type 'CEGUI/RadioButton', window renderer 'Falagard/ToggleButton' Look'N'Feel 'TaharezLook/RadioButton' and RenderEffect ''. (0xbfd7e8bc)
25/10/2012 19:30:05 (Std) 	Creating falagard mapping for type 'TaharezLook/FrameWindow' using base type 'CEGUI/FrameWindow', window renderer 'Falagard/FrameWindow' Look'N'Feel 'TaharezLook/FrameWindow' and RenderEffect ''. (0xbfd7e8bc)
25/10/2012 19:30:05 (Std) 	Creating falagard mapping for type 'TaharezLook/Titlebar' using base type 'CEGUI/Titlebar', window renderer 'Falagard/Titlebar' Look'N'Feel 'TaharezLook/Titlebar' and RenderEffect ''. (0xbfd7e8bc)
25/10/2012 19:30:05 (Std) 	Creating falagard mapping for type 'TaharezLook/SystemButton' using base type 'CEGUI/PushButton', window renderer 'Falagard/Button' Look'N'Feel 'TaharezLook/Button' and RenderEffect ''. (0xbfd7e8bc)
25/10/2012 19:30:05 (Std) 	Creating falagard mapping for type 'TaharezLook/Editbox' using base type 'CEGUI/Editbox', window renderer 'Falagard/Editbox' Look'N'Feel 'TaharezLook/Editbox' and RenderEffect ''. (0xbfd7e8bc)
25/10/2012 19:30:05 (Std) 	Creating falagard mapping for type 'TaharezLook/MultiLineEditbox' using base type 'CEGUI/MultiLineEditbox', window renderer 'Falagard/MultiLineEditbox' Look'N'Feel 'TaharezLook/MultiLineEditbox' and RenderEffect ''. (0xbfd7e8bc)
25/10/2012 19:30:05 (Std) 	Creating falagard mapping for type 'TaharezLook/Menubar' using base type 'CEGUI/Menubar', window renderer 'Falagard/Menubar' Look'N'Feel 'TaharezLook/Menubar' and RenderEffect ''. (0xbfd7e8bc)
25/10/2012 19:30:05 (Std) 	Creating falagard mapping for type 'TaharezLook/PopupMenu' using base type 'CEGUI/PopupMenu', window renderer 'Falagard/PopupMenu' Look'N'Feel 'TaharezLook/PopupMenu' and RenderEffect ''. (0xbfd7e8bc)
25/10/2012 19:30:05 (Std) 	Creating falagard mapping for type 'TaharezLook/MenuItem' using base type 'CEGUI/MenuItem', window renderer 'Falagard/MenuItem' Look'N'Feel 'TaharezLook/MenuItem' and RenderEffect ''. (0xbfd7e8bc)
25/10/2012 19:30:05 (Std) 	Creating falagard mapping for type 'TaharezLook/AlternateProgressBar' using base type 'CEGUI/ProgressBar', window renderer 'Falagard/ProgressBar' Look'N'Feel 'TaharezLook/AltProgressBar' and RenderEffect ''. (0xbfd7e8bc)
25/10/2012 19:30:05 (Std) 	Creating falagard mapping for type 'TaharezLook/ProgressBar' using base type 'CEGUI/ProgressBar', window renderer 'Falagard/ProgressBar' Look'N'Feel 'TaharezLook/ProgressBar' and RenderEffect ''. (0xbfd7e8bc)
25/10/2012 19:30:05 (Std) 	Creating falagard mapping for type 'TaharezLook/VUMeter' using base type 'CEGUI/ProgressBar', window renderer 'Falagard/ProgressBar' Look'N'Feel 'TaharezLook/VUMeter' and RenderEffect ''. (0xbfd7e8bc)
25/10/2012 19:30:05 (Std) 	Creating falagard mapping for type 'TaharezLook/VerticalScrollbar' using base type 'CEGUI/Scrollbar', window renderer 'Falagard/Scrollbar' Look'N'Feel 'TaharezLook/VerticalScrollbar' and RenderEffect ''. (0xbfd7e8bc)
25/10/2012 19:30:05 (Std) 	Creating falagard mapping for type 'TaharezLook/HorizontalScrollbar' using base type 'CEGUI/Scrollbar', window renderer 'Falagard/Scrollbar' Look'N'Feel 'TaharezLook/HorizontalScrollbar' and RenderEffect ''. (0xbfd7e8bc)
25/10/2012 19:30:05 (Std) 	Creating falagard mapping for type 'TaharezLook/VerticalScrollbarThumb' using base type 'CEGUI/Thumb', window renderer 'Falagard/Button' Look'N'Feel 'TaharezLook/VerticalScrollbarThumb' and RenderEffect ''. (0xbfd7e8bc)
25/10/2012 19:30:05 (Std) 	Creating falagard mapping for type 'TaharezLook/HorizontalScrollbarThumb' using base type 'CEGUI/Thumb', window renderer 'Falagard/Button' Look'N'Feel 'TaharezLook/HorizontalScrollbarThumb' and RenderEffect ''. (0xbfd7e8bc)
25/10/2012 19:30:05 (Std) 	Creating falagard mapping for type 'TaharezLook/LargeVerticalScrollbar' using base type 'CEGUI/Scrollbar', window renderer 'Falagard/Scrollbar' Look'N'Feel 'TaharezLook/LargeVerticalScrollbar' and RenderEffect ''. (0xbfd7e8bc)
25/10/2012 19:30:05 (Std) 	Creating falagard mapping for type 'TaharezLook/LargeVerticalScrollbarThumb' using base type 'CEGUI/Thumb', window renderer 'Falagard/Button' Look'N'Feel 'TaharezLook/LargeVerticalScrollbarThumb' and RenderEffect ''. (0xbfd7e8bc)
25/10/2012 19:30:05 (Std) 	Creating falagard mapping for type 'TaharezLook/TabButton' using base type 'CEGUI/TabButton', window renderer 'Falagard/TabButton' Look'N'Feel 'TaharezLook/TabButton' and RenderEffect ''. (0xbfd7e8bc)
25/10/2012 19:30:05 (Std) 	Creating falagard mapping for type 'TaharezLook/TabControl' using base type 'CEGUI/TabControl', window renderer 'Falagard/TabControl' Look'N'Feel 'TaharezLook/TabControl' and RenderEffect ''. (0xbfd7e8bc)
25/10/2012 19:30:05 (Std) 	Creating falagard mapping for type 'TaharezLook/TabContentPane' using base type 'DefaultWindow', window renderer 'Falagard/Default' Look'N'Feel 'TaharezLook/TabContentPane' and RenderEffect ''. (0xbfd7e8bc)
25/10/2012 19:30:05 (Std) 	Creating falagard mapping for type 'TaharezLook/TabButtonPane' using base type 'DefaultWindow', window renderer 'Falagard/Default' Look'N'Feel 'TaharezLook/TabButtonPane' and RenderEffect ''. (0xbfd7e8bc)
25/10/2012 19:30:05 (Std) 	Creating falagard mapping for type 'TaharezLook/ComboDropList' using base type 'CEGUI/ComboDropList', window renderer 'Falagard/Listbox' Look'N'Feel 'TaharezLook/ComboDropList' and RenderEffect ''. (0xbfd7e8bc)
25/10/2012 19:30:05 (Std) 	Creating falagard mapping for type 'TaharezLook/ComboEditbox' using base type 'CEGUI/Editbox', window renderer 'Falagard/Editbox' Look'N'Feel 'TaharezLook/ComboEditbox' and RenderEffect ''. (0xbfd7e8bc)
25/10/2012 19:30:05 (Std) 	Creating falagard mapping for type 'TaharezLook/Combobox' using base type 'CEGUI/Combobox', window renderer 'Falagard/Default' Look'N'Feel 'TaharezLook/Combobox' and RenderEffect ''. (0xbfd7e8bc)
25/10/2012 19:30:05 (Std) 	Creating falagard mapping for type 'TaharezLook/Listbox' using base type 'CEGUI/Listbox', window renderer 'Falagard/Listbox' Look'N'Feel 'TaharezLook/Listbox' and RenderEffect ''. (0xbfd7e8bc)
25/10/2012 19:30:05 (Std) 	Creating falagard mapping for type 'TaharezLook/ListHeader' using base type 'CEGUI/ListHeader', window renderer 'Falagard/ListHeader' Look'N'Feel 'TaharezLook/ListHeader' and RenderEffect ''. (0xbfd7e8bc)
25/10/2012 19:30:05 (Std) 	Creating falagard mapping for type 'TaharezLook/ListHeaderSegment' using base type 'CEGUI/ListHeaderSegment', window renderer 'Falagard/ListHeaderSegment' Look'N'Feel 'TaharezLook/ListHeaderSegment' and RenderEffect ''. (0xbfd7e8bc)
25/10/2012 19:30:05 (Std) 	Creating falagard mapping for type 'TaharezLook/MultiColumnList' using base type 'CEGUI/MultiColumnList', window renderer 'Falagard/MultiColumnList' Look'N'Feel 'TaharezLook/MultiColumnList' and RenderEffect ''. (0xbfd7e8bc)
25/10/2012 19:30:05 (Std) 	Creating falagard mapping for type 'TaharezLook/Slider' using base type 'CEGUI/Slider', window renderer 'Falagard/Slider' Look'N'Feel 'TaharezLook/Slider' and RenderEffect ''. (0xbfd7e8bc)
25/10/2012 19:30:05 (Std) 	Creating falagard mapping for type 'TaharezLook/SliderThumb' using base type 'CEGUI/Thumb', window renderer 'Falagard/Button' Look'N'Feel 'TaharezLook/SliderThumb' and RenderEffect ''. (0xbfd7e8bc)
25/10/2012 19:30:05 (Std) 	Creating falagard mapping for type 'TaharezLook/ScrollablePane' using base type 'CEGUI/ScrollablePane', window renderer 'Falagard/ScrollablePane' Look'N'Feel 'TaharezLook/ScrollablePane' and RenderEffect ''. (0xbfd7e8bc)
25/10/2012 19:30:05 (Std) 	Creating falagard mapping for type 'TaharezLook/Spinner' using base type 'CEGUI/Spinner', window renderer 'Falagard/Default' Look'N'Feel 'TaharezLook/Spinner' and RenderEffect ''. (0xbfd7e8bc)
25/10/2012 19:30:05 (Std) 	Creating falagard mapping for type 'TaharezLook/Tooltip' using base type 'CEGUI/Tooltip', window renderer 'Falagard/Tooltip' Look'N'Feel 'TaharezLook/Tooltip' and RenderEffect ''. (0xbfd7e8bc)
25/10/2012 19:30:05 (Std) 	Creating falagard mapping for type 'TaharezLook/StaticImage' using base type 'DefaultWindow', window renderer 'Falagard/StaticImage' Look'N'Feel 'TaharezLook/StaticImage' and RenderEffect ''. (0xbfd7e8bc)
25/10/2012 19:30:05 (Std) 	Creating falagard mapping for type 'TaharezLook/StaticText' using base type 'DefaultWindow', window renderer 'Falagard/StaticText' Look'N'Feel 'TaharezLook/StaticText' and RenderEffect ''. (0xbfd7e8bc)
25/10/2012 19:30:05 (Std) 	Creating falagard mapping for type 'TaharezLook/ItemListbox' using base type 'CEGUI/ItemListbox', window renderer 'Falagard/ItemListbox' Look'N'Feel 'TaharezLook/ItemListbox' and RenderEffect ''. (0xbfd7e8bc)
25/10/2012 19:30:05 (Std) 	Creating falagard mapping for type 'TaharezLook/ListboxItem' using base type 'CEGUI/ItemEntry', window renderer 'Falagard/ItemEntry' Look'N'Feel 'TaharezLook/ListboxItem' and RenderEffect ''. (0xbfd7e8bc)
25/10/2012 19:30:05 (Std) 	Creating falagard mapping for type 'TaharezLook/GroupBox' using base type 'CEGUI/GroupBox', window renderer 'Falagard/Default' Look'N'Feel 'TaharezLook/GroupBox' and RenderEffect ''. (0xbfd7e8bc)
25/10/2012 19:30:05 (Std) 	Creating falagard mapping for type 'TaharezLook/Tree' using base type 'CEGUI/Tree', window renderer 'Falagard/Tree' Look'N'Feel 'TaharezLook/Tree' and RenderEffect ''. (0xbfd7e8bc)
25/10/2012 19:30:05 (Std) 	Started creation of Scheme from XML specification:
25/10/2012 19:30:05 (Std) 	---- CEGUI GUIScheme name: GameOneLook
25/10/2012 19:30:05 (Std) 	Started creation of Imageset from XML specification:
25/10/2012 19:30:05 (Std) 	---- CEGUI Imageset name: Splash
25/10/2012 19:30:05 (Std) 	---- Source texture file: Splash.png in resource group: (Default)
25/10/2012 19:30:05 (Std) 	Started creation of Imageset from XML specification:
25/10/2012 19:30:05 (Std) 	---- CEGUI Imageset name: SplashAlpha
25/10/2012 19:30:05 (Std) 	---- Source texture file: SplashAlpha.png in resource group: (Default)
25/10/2012 19:30:05 (Std) 	Started creation of Imageset from XML specification:
25/10/2012 19:30:05 (Std) 	---- CEGUI Imageset name: MainMenu
25/10/2012 19:30:05 (Std) 	---- Source texture file: MainMenu.png in resource group: (Default)
25/10/2012 19:30:05 (Std) 	Started creation of Imageset from XML specification:
25/10/2012 19:30:05 (Std) 	---- CEGUI Imageset name: HUD
25/10/2012 19:30:05 (Std) 	---- Source texture file: HUD.png in resource group: (Default)
25/10/2012 19:30:05 (Std) 	Started creation of Imageset from XML specification:
25/10/2012 19:30:05 (Std) 	---- CEGUI Imageset name: MainMenu_Settings
25/10/2012 19:30:05 (Std) 	---- Source texture file: MainMenu_Settings.png in resource group: (Default)
25/10/2012 19:30:05 (Std) 	Started creation of Imageset from XML specification:
25/10/2012 19:30:05 (Std) 	---- CEGUI Imageset name: TextureAtlas
25/10/2012 19:30:05 (Std) 	---- Source texture file: ../../TextureAtlas.png in resource group: (Default)
25/10/2012 19:30:05 (Std) 	Started creation of Font from XML specification:
25/10/2012 19:30:05 (Std) 	---- CEGUI font name: DejaVuSans-10
25/10/2012 19:30:05 (Std) 	----       Font type: FreeType
25/10/2012 19:30:05 (Std) 	----     Source file: DejaVuSans.ttf in resource group: (Default)
25/10/2012 19:30:05 (Std) 	---- Real point size: 10
25/10/2012 19:30:05 (Std) 	---- Returning existing instance of Font named 'DejaVuSans-10'.
25/10/2012 19:30:05 (Std) 	Started creation of Font from XML specification:
25/10/2012 19:30:05 (Std) 	---- CEGUI font name: monospace-bold-10
25/10/2012 19:30:05 (Std) 	----       Font type: FreeType
25/10/2012 19:30:05 (Std) 	----     Source file: Monospace-Bold.ttf in resource group: (Default)
25/10/2012 19:30:05 (Std) 	---- Real point size: 10
25/10/2012 19:30:05 (Std) 	---- Returning existing instance of Font named 'monospace-bold-10'.
25/10/2012 19:30:05 (Std) 	===== Falagard 'root' element: look and feel parsing begins =====
25/10/2012 19:30:05 (Std) 	===== Look and feel parsing completed =====
25/10/2012 19:30:05 (Std) 	No window renderer factories specified for module 'CEGUIFalagardWRBase' - adding all available factories...
25/10/2012 19:30:05 (Std) 	Creating falagard mapping for type 'GameOneLook/ImageButton' using base type 'CEGUI/PushButton', window renderer 'Falagard/Button' Look'N'Feel 'GameOneLook/ImageButton' and RenderEffect ''. (0xbfd7e8bc)
25/10/2012 19:30:05 (Std) 	Creating falagard mapping for type 'GameOneLook/StaticImage' using base type 'DefaultWindow', window renderer 'Falagard/StaticImage' Look'N'Feel 'GameOneLook/StaticImage' and RenderEffect ''. (0xbfd7e8bc)
25/10/2012 19:30:05 (Std) 	Creating falagard mapping for type 'GameOneLook/StaticText' using base type 'DefaultWindow', window renderer 'Falagard/Default' Look'N'Feel 'GameOneLook/StaticText' and RenderEffect ''. (0xbfd7e8bc)
25/10/2012 19:30:05 (Std) 	---- Successfully completed loading of GUI layout from '../data/gui/layouts/Splash.layout' ----
25/10/2012 19:30:05 (Std) 	Display resize: w=1280 h=705
25/10/2012 19:30:07 (Std) 	Attempting to create Imageset 'DejaVuSans-10_auto_glyph_images_ ' with texture only.
25/10/2012 19:30:07 (Std) 	---- Successfully completed loading of GUI layout from '../data/gui/layouts/MainMenu.layout' ----
25/10/2012 19:30:09 (Std) 	---- Successfully completed loading of GUI layout from '../data/gui/layouts/MainMenu_Login.layout' ----
25/10/2012 19:30:09 (Std) 	---- Successfully completed loading of GUI layout from '../data/gui/layouts/MainMenu_Register.layout' ----
25/10/2012 19:30:17 (Std) 	Attempting to create Imageset 'monospace-bold-10_auto_glyph_images_ ' with texture only.
25/10/2012 19:30:17 (Std) 	---- Successfully completed loading of GUI layout from '../data/gui/layouts/HUD_Base.layout' ----
25/10/2012 19:30:17 (Std) 	Attempting to create Imageset 'minimap' with texture only.
25/10/2012 19:30:17 (Std) 	---- Successfully completed loading of GUI layout from '../data/gui/layouts/TextureAtlas.layout' ----
25/10/2012 19:30:17 (Std) 	---- Successfully completed loading of GUI layout from '../data/gui/layouts/MiniMap.layout' ----
25/10/2012 19:30:40 (Std) 	---- Successfully completed loading of GUI layout from '../data/gui/layouts/MainMenu.layout' ----
25/10/2012 19:30:41 (Std) 	---- Begining CEGUI System destruction ----
25/10/2012 19:30:41 (Std) 	WindowFactory for 'CEGUI/Tree' windows removed. (0x9bf97d0)
25/10/2012 19:30:41 (Std) 	Deleted WindowFactory for 'CEGUI/Tree' windows.
25/10/2012 19:30:41 (Std) 	WindowFactory for 'CEGUI/Thumb' windows removed. (0x9be0150)
25/10/2012 19:30:41 (Std) 	Deleted WindowFactory for 'CEGUI/Thumb' windows.
25/10/2012 19:30:41 (Std) 	WindowFactory for 'CEGUI/Slider' windows removed. (0x9c00ec8)
25/10/2012 19:30:41 (Std) 	Deleted WindowFactory for 'CEGUI/Slider' windows.
25/10/2012 19:30:41 (Std) 	WindowFactory for 'CEGUI/Editbox' windows removed. (0x9bfec58)
25/10/2012 19:30:41 (Std) 	Deleted WindowFactory for 'CEGUI/Editbox' windows.
25/10/2012 19:30:41 (Std) 	WindowFactory for 'CEGUI/Listbox' windows removed. (0x9bf3450)
25/10/2012 19:30:41 (Std) 	Deleted WindowFactory for 'CEGUI/Listbox' windows.
25/10/2012 19:30:41 (Std) 	WindowFactory for 'CEGUI/Menubar' windows removed. (0x9c0a830)
25/10/2012 19:30:41 (Std) 	Deleted WindowFactory for 'CEGUI/Menubar' windows.
25/10/2012 19:30:41 (Std) 	WindowFactory for 'CEGUI/Spinner' windows removed. (0x9c01018)
25/10/2012 19:30:41 (Std) 	Deleted WindowFactory for 'CEGUI/Spinner' windows.
25/10/2012 19:30:41 (Std) 	WindowFactory for 'CEGUI/Tooltip' windows removed. (0x9c099f0)
25/10/2012 19:30:41 (Std) 	Deleted WindowFactory for 'CEGUI/Tooltip' windows.
25/10/2012 19:30:41 (Std) 	WindowFactory for 'DefaultWindow' windows removed. (0x9bd9dd0)
25/10/2012 19:30:41 (Std) 	Deleted WindowFactory for 'DefaultWindow' windows.
25/10/2012 19:30:41 (Std) 	WindowFactory for 'DragContainer' windows removed. (0x9bd9f20)
25/10/2012 19:30:41 (Std) 	Deleted WindowFactory for 'DragContainer' windows.
25/10/2012 19:30:41 (Std) 	WindowFactory for 'CEGUI/Checkbox' windows removed. (0x9bf3738)
25/10/2012 19:30:41 (Std) 	Deleted WindowFactory for 'CEGUI/Checkbox' windows.
25/10/2012 19:30:41 (Std) 	WindowFactory for 'CEGUI/Combobox' windows removed. (0x9bf3b50)
25/10/2012 19:30:41 (Std) 	Deleted WindowFactory for 'CEGUI/Combobox' windows.
25/10/2012 19:30:41 (Std) 	WindowFactory for 'CEGUI/GroupBox' windows removed. (0x9bf9680)
25/10/2012 19:30:41 (Std) 	Deleted WindowFactory for 'CEGUI/GroupBox' windows.
25/10/2012 19:30:41 (Std) 	WindowFactory for 'CEGUI/MenuItem' windows removed. (0x9bb65d8)
25/10/2012 19:30:41 (Std) 	Deleted WindowFactory for 'CEGUI/MenuItem' windows.
25/10/2012 19:30:41 (Std) 	WindowFactory for 'CEGUI/Titlebar' windows removed. (0x9c098a0)
25/10/2012 19:30:41 (Std) 	Deleted WindowFactory for 'CEGUI/Titlebar' windows.
25/10/2012 19:30:41 (Std) 	WindowFactory for 'CEGUI/ItemEntry' windows removed. (0x9bdeb48)
25/10/2012 19:30:41 (Std) 	Deleted WindowFactory for 'CEGUI/ItemEntry' windows.
25/10/2012 19:30:41 (Std) 	WindowFactory for 'CEGUI/PopupMenu' windows removed. (0x9bf3f68)
25/10/2012 19:30:41 (Std) 	Deleted WindowFactory for 'CEGUI/PopupMenu' windows.
25/10/2012 19:30:41 (Std) 	WindowFactory for 'CEGUI/Scrollbar' windows removed. (0x9bd1410)
25/10/2012 19:30:41 (Std) 	Deleted WindowFactory for 'CEGUI/Scrollbar' windows.
25/10/2012 19:30:41 (Std) 	WindowFactory for 'CEGUI/TabButton' windows removed. (0x9bdfeb0)
25/10/2012 19:30:41 (Std) 	Deleted WindowFactory for 'CEGUI/TabButton' windows.
25/10/2012 19:30:41 (Std) 	WindowFactory for 'CEGUI/ListHeader' windows removed. (0x9bf35a0)
25/10/2012 19:30:41 (Std) 	Deleted WindowFactory for 'CEGUI/ListHeader' windows.
25/10/2012 19:30:41 (Std) 	WindowFactory for 'CEGUI/PushButton' windows removed. (0x9bf3888)
25/10/2012 19:30:41 (Std) 	Deleted WindowFactory for 'CEGUI/PushButton' windows.
25/10/2012 19:30:41 (Std) 	WindowFactory for 'CEGUI/TabControl' windows removed. (0x9be0000)
25/10/2012 19:30:41 (Std) 	Deleted WindowFactory for 'CEGUI/TabControl' windows.
25/10/2012 19:30:41 (Std) 	WindowFactory for 'ClippedContainer' windows removed. (0x9bf3020)
25/10/2012 19:30:41 (Std) 	Deleted WindowFactory for 'ClippedContainer' windows.
25/10/2012 19:30:41 (Std) 	WindowFactory for 'CEGUI/FrameWindow' windows removed. (0x9bde9f8)
25/10/2012 19:30:41 (Std) 	Deleted WindowFactory for 'CEGUI/FrameWindow' windows.
25/10/2012 19:30:41 (Std) 	WindowFactory for 'CEGUI/ItemListbox' windows removed. (0x9bf9530)
25/10/2012 19:30:41 (Std) 	Deleted WindowFactory for 'CEGUI/ItemListbox' windows.
25/10/2012 19:30:41 (Std) 	WindowFactory for 'CEGUI/ProgressBar' windows removed. (0x9bd0ec0)
25/10/2012 19:30:41 (Std) 	Deleted WindowFactory for 'CEGUI/ProgressBar' windows.
25/10/2012 19:30:41 (Std) 	WindowFactory for 'CEGUI/RadioButton' windows removed. (0x9bf3a00)
25/10/2012 19:30:41 (Std) 	Deleted WindowFactory for 'CEGUI/RadioButton' windows.
25/10/2012 19:30:41 (Std) 	WindowFactory for 'ScrolledContainer' windows removed. (0x9bf2ed0)
25/10/2012 19:30:41 (Std) 	Deleted WindowFactory for 'ScrolledContainer' windows.
25/10/2012 19:30:41 (Std) 	WindowFactory for 'CEGUI/ComboDropList' windows removed. (0x9bfeb08)
25/10/2012 19:30:41 (Std) 	Deleted WindowFactory for 'CEGUI/ComboDropList' windows.
25/10/2012 19:30:41 (Std) 	WindowFactory for 'GridLayoutContainer' windows removed. (0x9bf9210)
25/10/2012 19:30:41 (Std) 	Deleted WindowFactory for 'GridLayoutContainer' windows.
25/10/2012 19:30:41 (Std) 	WindowFactory for 'CEGUI/ScrollablePane' windows removed. (0x9bd12c0)
25/10/2012 19:30:41 (Std) 	Deleted WindowFactory for 'CEGUI/ScrollablePane' windows.
25/10/2012 19:30:41 (Std) 	WindowFactory for 'CEGUI/MultiColumnList' windows removed. (0x9bb6728)
25/10/2012 19:30:41 (Std) 	Deleted WindowFactory for 'CEGUI/MultiColumnList' windows.
25/10/2012 19:30:41 (Std) 	WindowFactory for 'CEGUI/MultiLineEditbox' windows removed. (0x9bd0d70)
25/10/2012 19:30:41 (Std) 	Deleted WindowFactory for 'CEGUI/MultiLineEditbox' windows.
25/10/2012 19:30:41 (Std) 	WindowFactory for 'CEGUI/ListHeaderSegment' windows removed. (0x9c0a6e0)
25/10/2012 19:30:41 (Std) 	Deleted WindowFactory for 'CEGUI/ListHeaderSegment' windows.
25/10/2012 19:30:41 (Std) 	WindowFactory for 'VerticalLayoutContainer' windows removed. (0x9370d08)
25/10/2012 19:30:41 (Std) 	Deleted WindowFactory for 'VerticalLayoutContainer' windows.
25/10/2012 19:30:41 (Std) 	WindowFactory for 'HorizontalLayoutContainer' windows removed. (0x9bf40b8)
25/10/2012 19:30:41 (Std) 	Deleted WindowFactory for 'HorizontalLayoutContainer' windows.
25/10/2012 19:30:41 (Std) 	---- Begining cleanup of GUI Scheme system ----
25/10/2012 19:30:41 (Std) 	WindowRendererFactory for 'Falagard/Button' WindowRenderers removed. (0x9c0d448)
25/10/2012 19:30:41 (Std) 	Deleted WindowRendererFactory for 'Falagard/Button' WindowRenderers.
25/10/2012 19:30:41 (Std) 	WindowRendererFactory for 'Falagard/Default' WindowRenderers removed. (0x9def120)
25/10/2012 19:30:41 (Std) 	Deleted WindowRendererFactory for 'Falagard/Default' WindowRenderers.
25/10/2012 19:30:41 (Std) 	WindowRendererFactory for 'Falagard/Editbox' WindowRenderers removed. (0x9dca5f8)
25/10/2012 19:30:41 (Std) 	Deleted WindowRendererFactory for 'Falagard/Editbox' WindowRenderers.
25/10/2012 19:30:41 (Std) 	WindowRendererFactory for 'Falagard/FrameWindow' WindowRenderers removed. (0x9bf6df0)
25/10/2012 19:30:41 (Std) 	Deleted WindowRendererFactory for 'Falagard/FrameWindow' WindowRenderers.
25/10/2012 19:30:41 (Std) 	WindowRendererFactory for 'Falagard/ItemEntry' WindowRenderers removed. (0x9bbea40)
25/10/2012 19:30:41 (Std) 	Deleted WindowRendererFactory for 'Falagard/ItemEntry' WindowRenderers.
25/10/2012 19:30:41 (Std) 	WindowRendererFactory for 'Falagard/ListHeader' WindowRenderers removed. (0x9de7930)
25/10/2012 19:30:41 (Std) 	Deleted WindowRendererFactory for 'Falagard/ListHeader' WindowRenderers.
25/10/2012 19:30:41 (Std) 	WindowRendererFactory for 'Falagard/ListHeaderSegment' WindowRenderers removed. (0x9de79d0)
25/10/2012 19:30:41 (Std) 	Deleted WindowRendererFactory for 'Falagard/ListHeaderSegment' WindowRenderers.
25/10/2012 19:30:41 (Std) 	WindowRendererFactory for 'Falagard/Listbox' WindowRenderers removed. (0x9db1b80)
25/10/2012 19:30:41 (Std) 	Deleted WindowRendererFactory for 'Falagard/Listbox' WindowRenderers.
25/10/2012 19:30:41 (Std) 	WindowRendererFactory for 'Falagard/Menubar' WindowRenderers removed. (0x9dc85b0)
25/10/2012 19:30:41 (Std) 	Deleted WindowRendererFactory for 'Falagard/Menubar' WindowRenderers.
25/10/2012 19:30:41 (Std) 	WindowRendererFactory for 'Falagard/MenuItem' WindowRenderers removed. (0x9de92b0)
25/10/2012 19:30:41 (Std) 	Deleted WindowRendererFactory for 'Falagard/MenuItem' WindowRenderers.
25/10/2012 19:30:41 (Std) 	WindowRendererFactory for 'Falagard/MultiColumnList' WindowRenderers removed. (0x9df5b80)
25/10/2012 19:30:41 (Std) 	Deleted WindowRendererFactory for 'Falagard/MultiColumnList' WindowRenderers.
25/10/2012 19:30:41 (Std) 	WindowRendererFactory for 'Falagard/MultiLineEditbox' WindowRenderers removed. (0x9c39078)
25/10/2012 19:30:41 (Std) 	Deleted WindowRendererFactory for 'Falagard/MultiLineEditbox' WindowRenderers.
25/10/2012 19:30:41 (Std) 	WindowRendererFactory for 'Falagard/PopupMenu' WindowRenderers removed. (0x9c391c8)
25/10/2012 19:30:41 (Std) 	Deleted WindowRendererFactory for 'Falagard/PopupMenu' WindowRenderers.
25/10/2012 19:30:41 (Std) 	WindowRendererFactory for 'Falagard/ProgressBar' WindowRenderers removed. (0x9c39318)
25/10/2012 19:30:41 (Std) 	Deleted WindowRendererFactory for 'Falagard/ProgressBar' WindowRenderers.
25/10/2012 19:30:41 (Std) 	WindowRendererFactory for 'Falagard/ScrollablePane' WindowRenderers removed. (0x9c39468)
25/10/2012 19:30:41 (Std) 	Deleted WindowRendererFactory for 'Falagard/ScrollablePane' WindowRenderers.
25/10/2012 19:30:41 (Std) 	WindowRendererFactory for 'Falagard/Scrollbar' WindowRenderers removed. (0x9c395b8)
25/10/2012 19:30:41 (Std) 	Deleted WindowRendererFactory for 'Falagard/Scrollbar' WindowRenderers.
25/10/2012 19:30:41 (Std) 	WindowRendererFactory for 'Falagard/Slider' WindowRenderers removed. (0x9c39708)
25/10/2012 19:30:41 (Std) 	Deleted WindowRendererFactory for 'Falagard/Slider' WindowRenderers.
25/10/2012 19:30:41 (Std) 	WindowRendererFactory for 'Falagard/Static' WindowRenderers removed. (0x9deddd0)
25/10/2012 19:30:41 (Std) 	Deleted WindowRendererFactory for 'Falagard/Static' WindowRenderers.
25/10/2012 19:30:41 (Std) 	WindowRendererFactory for 'Falagard/StaticImage' WindowRenderers removed. (0x9dedf20)
25/10/2012 19:30:41 (Std) 	Deleted WindowRendererFactory for 'Falagard/StaticImage' WindowRenderers.
25/10/2012 19:30:41 (Std) 	WindowRendererFactory for 'Falagard/StaticText' WindowRenderers removed. (0x9dee070)
25/10/2012 19:30:41 (Std) 	Deleted WindowRendererFactory for 'Falagard/StaticText' WindowRenderers.
25/10/2012 19:30:41 (Std) 	WindowRendererFactory for 'Falagard/SystemButton' WindowRenderers removed. (0x9dee1c0)
25/10/2012 19:30:41 (Std) 	Deleted WindowRendererFactory for 'Falagard/SystemButton' WindowRenderers.
25/10/2012 19:30:41 (Std) 	WindowRendererFactory for 'Falagard/TabButton' WindowRenderers removed. (0x9dee310)
25/10/2012 19:30:41 (Std) 	Deleted WindowRendererFactory for 'Falagard/TabButton' WindowRenderers.
25/10/2012 19:30:41 (Std) 	WindowRendererFactory for 'Falagard/TabControl' WindowRenderers removed. (0x9dee460)
25/10/2012 19:30:41 (Std) 	Deleted WindowRendererFactory for 'Falagard/TabControl' WindowRenderers.
25/10/2012 19:30:41 (Std) 	WindowRendererFactory for 'Falagard/Titlebar' WindowRenderers removed. (0x9dee5b0)
25/10/2012 19:30:41 (Std) 	Deleted WindowRendererFactory for 'Falagard/Titlebar' WindowRenderers.
25/10/2012 19:30:41 (Std) 	WindowRendererFactory for 'Falagard/ToggleButton' WindowRenderers removed. (0x9df4cf0)
25/10/2012 19:30:41 (Std) 	Deleted WindowRendererFactory for 'Falagard/ToggleButton' WindowRenderers.
25/10/2012 19:30:41 (Std) 	WindowRendererFactory for 'Falagard/Tooltip' WindowRenderers removed. (0x9df4e40)
25/10/2012 19:30:41 (Std) 	Deleted WindowRendererFactory for 'Falagard/Tooltip' WindowRenderers.
25/10/2012 19:30:41 (Std) 	WindowRendererFactory for 'Falagard/ItemListbox' WindowRenderers removed. (0x9df4f90)
25/10/2012 19:30:41 (Std) 	Deleted WindowRendererFactory for 'Falagard/ItemListbox' WindowRenderers.
25/10/2012 19:30:41 (Std) 	WindowRendererFactory for 'Falagard/Tree' WindowRenderers removed. (0x9df50e0)
25/10/2012 19:30:41 (Std) 	Deleted WindowRendererFactory for 'Falagard/Tree' WindowRenderers.
25/10/2012 19:30:41 (Std) 	CEGUI::SchemeManager singleton destroyed. (0x9bb6938)
25/10/2012 19:30:41 (Std) 	CEGUI::WindowManager singleton destroyed (0x9bde778)
25/10/2012 19:30:41 (Std) 	CEGUI::WindowFactoryManager singleton destroyed
25/10/2012 19:30:41 (Std) 	CEGUI::WidgetLookManager singleton destroyed. (0x9bd0cb8)
25/10/2012 19:30:41 (Std) 	CEGUI::WindowRendererManager singleton destroyed (0x9bf2860)
25/10/2012 19:30:41 (Std) 	CEGUI::AnimationManager singleton destroyed (0x9bf2638)
25/10/2012 19:30:41 (Std) 	CEGUI::RenderEffectManager singleton destroyed (0x9bb6b68)
25/10/2012 19:30:41 (Std) 	---- Begining cleanup of Font system ----
25/10/2012 19:30:41 (Std) 	CEGUI::FontManager singleton destroyed. (0x9bde6a0)
25/10/2012 19:30:41 (Std) 	CEGUI::MouseCursor singleton destroyed. (0x9bde7c8)
25/10/2012 19:30:41 (Std) 	---- Begining cleanup of Imageset system ----
25/10/2012 19:30:41 (Std) 	CEGUI::ImagesetManager singleton destroyed (0x9bf26a8)
25/10/2012 19:30:41 (Std) 	CEGUI::GlobalEventSet singleton destroyed. (0x9bdfaa0)
25/10/2012 19:30:41 (Std) 	CEGUI::System singleton destroyed. (0x9bdf5a0)
25/10/2012 19:30:41 (Std) 	---- CEGUI System destruction completed ----
25/10/2012 19:30:41 (Std) 	CEGUI::Logger singleton destroyed. (0x9bdd360)
